# JRE version: OpenJDK Runtime Environment Temurin-21.0.7+6 (21.0.7+6) (build 21.0.7+6-LTS)
# Java VM: OpenJDK 64-Bit Server VM Temurin-21.0.7+6 (21.0.7+6-LTS, mixed mode, sharing, tiered, compressed oops, compressed class ptrs, g1 gc, windows-amd64)
GC Precious Log:
 CardTable entry size: 512
 Card Set container configuration: InlinePtr #cards 5 size 8 Array Of Cards #cards 12 size 40 Howl #buckets 4 coarsen threshold 1843 Howl Bitmap #cards 512 size 80 coarsen threshold 460 Card regions per heap region 1 cards per card region 2048
 CPUs: 8 total, 8 available
 Memory: 3891M
 Large Page Support: Disabled
 NUMA Support: Disabled
 Compressed Oops: Enabled (32-bit)
 Heap Region Size: 1M
 Heap Min Capacity: 8M
 Heap Initial Capacity: 62M
 Heap Max Capacity: 974M
 Pre-touch: Disabled
 Parallel Workers: 8
 Concurrent Workers: 2
 Concurrent Refinement Workers: 8
 Periodic GC: Disabled
Heap:
 garbage-first heap   total 83968K, used 60788K [0x00000000c3200000, 0x0000000100000000)
  region size 1024K, 33 young (33792K), 3 survivors (3072K)
 Metaspace       used 71096K, committed 71744K, reserved 1114112K
  class space    used 8905K, committed 9216K, reserved 1048576K
GC Heap History (20 events):
Event: 2575.848 GC heap after
{Heap after GC invocations=29 (full 1):
 garbage-first heap   total 65536K, used 34381K [0x00000000c3200000, 0x0000000100000000)
  region size 1024K, 4 young (4096K), 4 survivors (4096K)
 Metaspace       used 70348K, committed 71040K, reserved 1114112K
  class space    used 8901K, committed 9216K, reserved 1048576K
}
Event: 2755.092 GC heap before
{Heap before GC invocations=30 (full 1):
 garbage-first heap   total 65536K, used 41549K [0x00000000c3200000, 0x0000000100000000)
  region size 1024K, 12 young (12288K), 4 survivors (4096K)
 Metaspace       used 70297K, committed 71040K, reserved 1114112K
  class space    used 8883K, committed 9216K, reserved 1048576K
}
Event: 2764.458 GC heap after
{Heap after GC invocations=31 (full 2):
 garbage-first heap   total 65536K, used 29062K [0x00000000c3200000, 0x0000000100000000)
  region size 1024K, 0 young (0K), 0 survivors (0K)
 Metaspace       used 70297K, committed 71040K, reserved 1114112K
  class space    used 8883K, committed 9216K, reserved 1048576K
}
Event: 2766.640 GC heap before
{Heap before GC invocations=31 (full 2):
 garbage-first heap   total 65536K, used 52614K [0x00000000c3200000, 0x0000000100000000)
  region size 1024K, 24 young (24576K), 0 survivors (0K)
 Metaspace       used 70395K, committed 71104K, reserved 1114112K
  class space    used 8886K, committed 9216K, reserved 1048576K
}
Event: 2766.653 GC heap after
{Heap after GC invocations=32 (full 2):
 garbage-first heap   total 65536K, used 31697K [0x00000000c3200000, 0x0000000100000000)
  region size 1024K, 3 young (3072K), 3 survivors (3072K)
 Metaspace       used 70395K, committed 71104K, reserved 1114112K
  class space    used 8886K, committed 9216K, reserved 1048576K
}
Event: 2767.451 GC heap before
{Heap before GC invocations=33 (full 2):
 garbage-first heap   total 65536K, used 53201K [0x00000000c3200000, 0x0000000100000000)
  region size 1024K, 25 young (25600K), 3 survivors (3072K)
 Metaspace       used 70527K, committed 71232K, reserved 1114112K
  class space    used 8885K, committed 9216K, reserved 1048576K
}
Event: 2767.462 GC heap after
{Heap after GC invocations=34 (full 2):
 garbage-first heap   total 65536K, used 34105K [0x00000000c3200000, 0x0000000100000000)
  region size 1024K, 3 young (3072K), 3 survivors (3072K)
 Metaspace       used 70527K, committed 71232K, reserved 1114112K
  class space    used 8885K, committed 9216K, reserved 1048576K
}
Event: 3106.550 GC heap before
{Heap before GC invocations=34 (full 2):
 garbage-first heap   total 65536K, used 54585K [0x00000000c3200000, 0x0000000100000000)
  region size 1024K, 23 young (23552K), 3 survivors (3072K)
 Metaspace       used 70623K, committed 71296K, reserved 1114112K
  class space    used 8889K, committed 9216K, reserved 1048576K
}
Event: 3106.645 GC heap after
{Heap after GC invocations=35 (full 2):
 garbage-first heap   total 65536K, used 34516K [0x00000000c3200000, 0x0000000100000000)
  region size 1024K, 1 young (1024K), 1 survivors (1024K)
 Metaspace       used 70623K, committed 71296K, reserved 1114112K
  class space    used 8889K, committed 9216K, reserved 1048576K
}
Event: 3274.227 GC heap before
{Heap before GC invocations=35 (full 2):
 garbage-first heap   total 65536K, used 41684K [0x00000000c3200000, 0x0000000100000000)
  region size 1024K, 9 young (9216K), 1 survivors (1024K)
 Metaspace       used 70629K, committed 71296K, reserved 1114112K
  class space    used 8889K, committed 9216K, reserved 1048576K
}
Event: 3276.722 GC heap after
{Heap after GC invocations=36 (full 3):
 garbage-first heap   total 65536K, used 29208K [0x00000000c3200000, 0x0000000100000000)
  region size 1024K, 0 young (0K), 0 survivors (0K)
 Metaspace       used 70626K, committed 71296K, reserved 1114112K
  class space    used 8889K, committed 9216K, reserved 1048576K
}
Event: 3287.120 GC heap before
{Heap before GC invocations=36 (full 3):
 garbage-first heap   total 65536K, used 52760K [0x00000000c3200000, 0x0000000100000000)
  region size 1024K, 24 young (24576K), 0 survivors (0K)
 Metaspace       used 70692K, committed 71360K, reserved 1114112K
  class space    used 8891K, committed 9216K, reserved 1048576K
}
Event: 3287.190 GC heap after
{Heap after GC invocations=37 (full 3):
 garbage-first heap   total 65536K, used 31875K [0x00000000c3200000, 0x0000000100000000)
  region size 1024K, 3 young (3072K), 3 survivors (3072K)
 Metaspace       used 70692K, committed 71360K, reserved 1114112K
  class space    used 8891K, committed 9216K, reserved 1048576K
}
Event: 3290.573 GC heap before
{Heap before GC invocations=38 (full 3):
 garbage-first heap   total 65536K, used 54403K [0x00000000c3200000, 0x0000000100000000)
  region size 1024K, 26 young (26624K), 3 survivors (3072K)
 Metaspace       used 70795K, committed 71488K, reserved 1114112K
  class space    used 8892K, committed 9216K, reserved 1048576K
}
Event: 3290.608 GC heap after
{Heap after GC invocations=39 (full 3):
 garbage-first heap   total 65536K, used 34577K [0x00000000c3200000, 0x0000000100000000)
  region size 1024K, 3 young (3072K), 3 survivors (3072K)
 Metaspace       used 70795K, committed 71488K, reserved 1114112K
  class space    used 8892K, committed 9216K, reserved 1048576K
}
Event: 3358.468 GC heap before
{Heap before GC invocations=39 (full 3):
 garbage-first heap   total 65536K, used 41745K [0x00000000c3200000, 0x0000000100000000)
  region size 1024K, 11 young (11264K), 3 survivors (3072K)
 Metaspace       used 70890K, committed 71552K, reserved 1114112K
  class space    used 8897K, committed 9216K, reserved 1048576K
}
Event: 3361.705 GC heap after
{Heap after GC invocations=40 (full 4):
 garbage-first heap   total 65536K, used 29351K [0x00000000c3200000, 0x0000000100000000)
  region size 1024K, 0 young (0K), 0 survivors (0K)
 Metaspace       used 70887K, committed 71552K, reserved 1114112K
  class space    used 8896K, committed 9216K, reserved 1048576K
}
Event: 3369.326 GC heap before
{Heap before GC invocations=40 (full 4):
 garbage-first heap   total 65536K, used 52903K [0x00000000c3200000, 0x0000000100000000)
  region size 1024K, 24 young (24576K), 0 survivors (0K)
 Metaspace       used 70929K, committed 71616K, reserved 1114112K
  class space    used 8899K, committed 9216K, reserved 1048576K
}
Event: 3369.665 GC heap after
{Heap after GC invocations=41 (full 4):
 garbage-first heap   total 83968K, used 32116K [0x00000000c3200000, 0x0000000100000000)
  region size 1024K, 3 young (3072K), 3 survivors (3072K)
 Metaspace       used 70929K, committed 71616K, reserved 1114112K
  class space    used 8899K, committed 9216K, reserved 1048576K
}
Event: 3379.093 GC heap before
{Heap before GC invocations=42 (full 4):
 garbage-first heap   total 83968K, used 60788K [0x00000000c3200000, 0x0000000100000000)
  region size 1024K, 33 young (33792K), 3 survivors (3072K)
 Metaspace       used 71096K, committed 71744K, reserved 1114112K
  class space    used 8905K, committed 9216K, reserved 1048576K
}

